[01m[K/home/idris/final_ws/src/sentry_chassis_controller/src/sentry_control_key.cpp:[m[K In member function â€˜[01m[Kvoid TeleopTurtle::keyLoop()[m[Kâ€™:
[01m[K/home/idris/final_ws/src/sentry_chassis_controller/src/sentry_control_key.cpp:149:19:[m[K [01;31m[Kerror: [m[Kaggregate â€˜[01m[KTeleopTurtle::keyLoop()::pollfd ufd[m[Kâ€™ has incomplete type and cannot be defined
  149 |     struct pollfd [01;31m[Kufd[m[K;
      |                   [01;31m[K^~~[m[K
[01m[K/home/idris/final_ws/src/sentry_chassis_controller/src/sentry_control_key.cpp:151:18:[m[K [01;31m[Kerror: [m[Kâ€˜[01m[KPOLLIN[m[Kâ€™ was not declared in this scope; did you mean â€˜[01m[KPOLL_IN[m[Kâ€™?
  151 |     ufd.events = [01;31m[KPOLLIN[m[K; // æ•°æ®å¯è¯»äº‹ä»¶æ ‡å¿—ä½
      |                  [01;31m[K^~~~~~[m[K
      |                  [32m[KPOLL_IN[m[K
[01m[K/home/idris/final_ws/src/sentry_chassis_controller/src/sentry_control_key.cpp:156:19:[m[K [01;31m[Kerror: [m[Kâ€˜[01m[Kpoll[m[Kâ€™ was not declared in this scope; did you mean â€˜[01m[Kpowl[m[Kâ€™?
  156 |         int num = [01;31m[Kpoll[m[K(&ufd, 1, 1000 / hz);
      |                   [01;31m[K^~~~[m[K
      |                   [32m[Kpowl[m[K
[01m[K/home/idris/final_ws/src/sentry_chassis_controller/src/sentry_control_key.cpp:260:17:[m[K [01;31m[Kerror: [m[Kâ€˜[01m[Ktranslation_magnitude[m[Kâ€™ was not declared in this scope
  260 |                 [01;31m[Ktranslation_magnitude[m[K = std::hypot(cur_vx, cur_vy);
      |                 [01;31m[K^~~~~~~~~~~~~~~~~~~~~[m[K
[01m[K/home/idris/final_ws/src/sentry_chassis_controller/src/sentry_control_key.cpp:261:17:[m[K [01;31m[Kerror: [m[Kâ€˜[01m[Ktranslation_angle[m[Kâ€™ was not declared in this scope
  261 |                 [01;31m[Ktranslation_angle[m[K = std::atan2(cur_vy, cur_vx);
      |                 [01;31m[K^~~~~~~~~~~~~~~~~[m[K
[01m[K/home/idris/final_ws/src/sentry_chassis_controller/src/sentry_control_key.cpp:262:17:[m[K [01;31m[Kerror: [m[Kâ€˜[01m[Ktranslation_active[m[Kâ€™ was not declared in this scope
  262 |                 [01;31m[Ktranslation_active[m[K = (translation_magnitude > 0);
      |                 [01;31m[K^~~~~~~~~~~~~~~~~~[m[K
[01m[K/home/idris/final_ws/src/sentry_chassis_controller/src/sentry_control_key.cpp:269:33:[m[K [01;31m[Kerror: [m[Kâ€˜[01m[Ktranslation_magnitude[m[Kâ€™ was not declared in this scope
  269 |                 cur_lin_world = [01;31m[Ktranslation_magnitude[m[K * std::cos(translation_angle);
      |                                 [01;31m[K^~~~~~~~~~~~~~~~~~~~~[m[K
[01m[K/home/idris/final_ws/src/sentry_chassis_controller/src/sentry_control_key.cpp:269:66:[m[K [01;31m[Kerror: [m[Kâ€˜[01m[Ktranslation_angle[m[Kâ€™ was not declared in this scope
  269 |                 cur_lin_world = translation_magnitude * std::cos([01;31m[Ktranslation_angle[m[K);
      |                                                                  [01;31m[K^~~~~~~~~~~~~~~~~[m[K
[01m[K/home/idris/final_ws/src/sentry_chassis_controller/src/sentry_control_key.cpp:271:17:[m[K [01;31m[Kerror: [m[Kâ€˜[01m[Ktranslation_active[m[Kâ€™ was not declared in this scope
  271 |                 [01;31m[Ktranslation_active[m[K = false;
      |                 [01;31m[K^~~~~~~~~~~~~~~~~~[m[K
make[2]: *** [CMakeFiles/sentry_control_key.dir/build.make:63ï¼šCMakeFiles/sentry_control_key.dir/src/sentry_control_key.cpp.o] é”™è¯¯ 1
make[1]: *** [CMakeFiles/Makefile2:412ï¼šCMakeFiles/sentry_control_key.dir/all] é”™è¯¯ 2
make[1]: *** æ­£åœ¨ç­‰å¾…æœªå®Œæˆçš„ä»»åŠ¡....
make: *** [Makefile:141ï¼šall] é”™è¯¯ 2
