[01m[K/home/idris/final_ws/src/sentry_chassis_controller/src/dual_mode_chassis_controller.cpp:[m[K In function â€˜[01m[Kint main(int, char**)[m[Kâ€™:
[01m[K/home/idris/final_ws/src/sentry_chassis_controller/src/dual_mode_chassis_controller.cpp:203:7:[m[K [01;35m[Kwarning: [m[Kexception of type â€˜[01m[Kros::Exception[m[Kâ€™ will be caught
  203 |     } [01;35m[Kcatch[m[K (ros::Exception& e) {
      |       [01;35m[K^~~~~[m[K
[01m[K/home/idris/final_ws/src/sentry_chassis_controller/src/dual_mode_chassis_controller.cpp:200:7:[m[K [01;35m[Kwarning: [m[K   by earlier handler for â€˜[01m[Kstd::exception[m[Kâ€™
  200 |     } [01;35m[Kcatch[m[K (const std::exception& e) {
      |       [01;35m[K^~~~~[m[K
/usr/bin/ld: CMakeFiles/dual_mode_chassis_controller.dir/src/dual_mode_chassis_controller.cpp.o: in function `DualModeChassisController::controlLoop(ros::TimerEvent const&)':
dual_mode_chassis_controller.cpp:(.text._ZN25DualModeChassisController11controlLoopERKN3ros10TimerEventE[_ZN25DualModeChassisController11controlLoopERKN3ros10TimerEventE]+0x48e): undefined reference to `void tf2::doTransform<geometry_msgs::TwistStamped_<std::allocator<void> > >(geometry_msgs::TwistStamped_<std::allocator<void> > const&, geometry_msgs::TwistStamped_<std::allocator<void> >&, geometry_msgs::TransformStamped_<std::allocator<void> > const&)'
collect2: error: ld returned 1 exit status
make[2]: *** [CMakeFiles/dual_mode_chassis_controller.dir/build.make:117ï¼š/home/idris/final_ws/devel/.private/sentry_chassis_controller/lib/sentry_chassis_controller/dual_mode_chassis_controller] é”™è¯¯ 1
make[1]: *** [CMakeFiles/Makefile2:1473ï¼šCMakeFiles/dual_mode_chassis_controller.dir/all] é”™è¯¯ 2
make: *** [Makefile:141ï¼šall] é”™è¯¯ 2
