[  0%] Built target actionlib_generate_messages_cpp
[  0%] Built target actionlib_generate_messages_nodejs
[  0%] Built target tf2_msgs_generate_messages_lisp
[  0%] Built target std_srvs_generate_messages_lisp
[  0%] Built target actionlib_generate_messages_py
[  0%] Built target dynamic_reconfigure_generate_messages_lisp
[  0%] Built target std_srvs_generate_messages_nodejs
[  0%] Built target tf2_msgs_generate_messages_nodejs
[  0%] Built target std_srvs_generate_messages_eus
[  0%] Built target nav_msgs_generate_messages_py
[  0%] Built target gazebo_msgs_generate_messages_nodejs
[  0%] Built target geometry_msgs_generate_messages_eus
[  0%] Built target gazebo_msgs_generate_messages_py
[  0%] Built target nav_msgs_generate_messages_lisp
[  0%] Built target gazebo_msgs_generate_messages_cpp
[  0%] Built target std_msgs_generate_messages_nodejs
[  0%] Built target sensor_msgs_generate_messages_cpp
[  0%] Built target tf2_msgs_generate_messages_py
[  0%] Built target dynamic_reconfigure_generate_messages_nodejs
[  0%] Built target gazebo_msgs_generate_messages_lisp
[  0%] Built target nav_msgs_generate_messages_nodejs
[  0%] Built target rosgraph_msgs_generate_messages_nodejs
[  0%] Built target std_msgs_generate_messages_cpp
[  0%] Built target std_msgs_generate_messages_py
[  0%] Built target actionlib_generate_messages_lisp
[  0%] Built target actionlib_msgs_generate_messages_py
[  0%] Built target std_srvs_generate_messages_cpp
[  0%] Built target rosgraph_msgs_generate_messages_lisp
[  0%] Built target std_msgs_generate_messages_lisp
[  0%] Built target control_toolbox_gencfg
[  0%] Built target rosgraph_msgs_generate_messages_py
[  0%] Built target sensor_msgs_generate_messages_nodejs
[  0%] Built target roscpp_generate_messages_cpp
[  0%] Built target control_msgs_generate_messages_py
[  0%] Built target roscpp_generate_messages_eus
[  0%] Built target tf2_msgs_generate_messages_eus
[  0%] Built target geometry_msgs_generate_messages_cpp
[  0%] Built target sensor_msgs_generate_messages_py
[  0%] Built target geometry_msgs_generate_messages_py
[  0%] Built target geometry_msgs_generate_messages_lisp
[  0%] Built target std_srvs_generate_messages_py
[  0%] Built target rosgraph_msgs_generate_messages_eus
[  0%] Built target roscpp_generate_messages_nodejs
[  0%] Built target sensor_msgs_generate_messages_lisp
[  0%] Built target sensor_msgs_generate_messages_eus
[  0%] Built target control_msgs_generate_messages_lisp
[  0%] Built target nav_msgs_generate_messages_cpp
[  0%] Built target control_toolbox_generate_messages_eus
[  0%] Built target roscpp_generate_messages_lisp
[  0%] Built target control_toolbox_generate_messages_lisp
[  0%] Built target control_msgs_generate_messages_eus
[  0%] Built target control_toolbox_generate_messages_nodejs
[  0%] Built target roscpp_generate_messages_py
[  0%] Built target control_msgs_generate_messages_cpp
[  0%] Built target control_toolbox_generate_messages_cpp
[  0%] Built target trajectory_msgs_generate_messages_eus
[  0%] Built target dynamic_reconfigure_generate_messages_py
[  0%] Built target trajectory_msgs_generate_messages_nodejs
[  0%] Built target actionlib_msgs_generate_messages_eus
[  6%] Built target actionlib_msgs_generate_messages_cpp
[  6%] Built target sentry_chassis_controller_gencfg
[  6%] Built target control_msgs_generate_messages_nodejs
[  6%] Built target std_msgs_generate_messages_eus
[  6%] Built target nav_msgs_generate_messages_eus
[  6%] Built target actionlib_msgs_generate_messages_lisp
[  6%] Built target control_toolbox_generate_messages_py
[  6%] Built target actionlib_generate_messages_eus
[  6%] Built target actionlib_msgs_generate_messages_nodejs
[  6%] Built target trajectory_msgs_generate_messages_cpp
[  6%] Built target trajectory_msgs_generate_messages_lisp
[  6%] Built target trajectory_msgs_generate_messages_py
[  6%] Built target dynamic_reconfigure_generate_messages_cpp
[  6%] Built target gazebo_msgs_generate_messages_eus
[  6%] Built target rosgraph_msgs_generate_messages_cpp
[  6%] Built target geometry_msgs_generate_messages_nodejs
[  6%] Built target dynamic_reconfigure_generate_messages_eus
[  6%] Built target dynamic_reconfigure_gencfg
[  6%] Built target tf2_msgs_generate_messages_cpp
[35m[1mScanning dependencies of target sentry_control_key[0m
[35m[1mScanning dependencies of target sentry_control_key_optimized[0m
[ 12%] [32mBuilding CXX object CMakeFiles/sentry_control_key.dir/src/sentry_control_key.cpp.o[0m
[ 18%] [32mBuilding CXX object CMakeFiles/sentry_control_key_optimized.dir/src/sentry_control_key_optimized.cpp.o[0m
[ 31%] Built target gazebo_odom_bridge
[ 56%] Built target forward_kinematics_node
[ 62%] Built target sentry_chassis_controller
[ 75%] Built target ik_test_publisher
[ 87%] Built target forward_kinematics
[01m[K/home/idris/final_ws/src/sentry_chassis_controller/src/sentry_control_key.cpp:[m[K In member function â€˜[01m[Kvoid TeleopTurtle::keyLoop()[m[Kâ€™:
[01m[K/home/idris/final_ws/src/sentry_chassis_controller/src/sentry_control_key.cpp:149:19:[m[K [01;31m[Kerror: [m[Kaggregate â€˜[01m[KTeleopTurtle::keyLoop()::pollfd ufd[m[Kâ€™ has incomplete type and cannot be defined
  149 |     struct pollfd [01;31m[Kufd[m[K;
      |                   [01;31m[K^~~[m[K
[01m[K/home/idris/final_ws/src/sentry_chassis_controller/src/sentry_control_key.cpp:151:18:[m[K [01;31m[Kerror: [m[Kâ€˜[01m[KPOLLIN[m[Kâ€™ was not declared in this scope; did you mean â€˜[01m[KPOLL_IN[m[Kâ€™?
  151 |     ufd.events = [01;31m[KPOLLIN[m[K; // æ•°æ®å¯è¯»äº‹ä»¶æ ‡å¿—ä½
      |                  [01;31m[K^~~~~~[m[K
      |                  [32m[KPOLL_IN[m[K
[01m[K/home/idris/final_ws/src/sentry_chassis_controller/src/sentry_control_key.cpp:156:19:[m[K [01;31m[Kerror: [m[Kâ€˜[01m[Kpoll[m[Kâ€™ was not declared in this scope; did you mean â€˜[01m[Kpowl[m[Kâ€™?
  156 |         int num = [01;31m[Kpoll[m[K(&ufd, 1, 1000 / hz);
      |                   [01;31m[K^~~~[m[K
      |                   [32m[Kpowl[m[K
[01m[K/home/idris/final_ws/src/sentry_chassis_controller/src/sentry_control_key.cpp:260:17:[m[K [01;31m[Kerror: [m[Kâ€˜[01m[Ktranslation_magnitude[m[Kâ€™ was not declared in this scope
  260 |                 [01;31m[Ktranslation_magnitude[m[K = std::hypot(cur_vx, cur_vy);
      |                 [01;31m[K^~~~~~~~~~~~~~~~~~~~~[m[K
[01m[K/home/idris/final_ws/src/sentry_chassis_controller/src/sentry_control_key.cpp:261:17:[m[K [01;31m[Kerror: [m[Kâ€˜[01m[Ktranslation_angle[m[Kâ€™ was not declared in this scope
  261 |                 [01;31m[Ktranslation_angle[m[K = std::atan2(cur_vy, cur_vx);
      |                 [01;31m[K^~~~~~~~~~~~~~~~~[m[K
[01m[K/home/idris/final_ws/src/sentry_chassis_controller/src/sentry_control_key.cpp:262:17:[m[K [01;31m[Kerror: [m[Kâ€˜[01m[Ktranslation_active[m[Kâ€™ was not declared in this scope
  262 |                 [01;31m[Ktranslation_active[m[K = (translation_magnitude > 0);
      |                 [01;31m[K^~~~~~~~~~~~~~~~~~[m[K
[01m[K/home/idris/final_ws/src/sentry_chassis_controller/src/sentry_control_key.cpp:269:33:[m[K [01;31m[Kerror: [m[Kâ€˜[01m[Ktranslation_magnitude[m[Kâ€™ was not declared in this scope
  269 |                 cur_lin_world = [01;31m[Ktranslation_magnitude[m[K * std::cos(translation_angle);
      |                                 [01;31m[K^~~~~~~~~~~~~~~~~~~~~[m[K
[01m[K/home/idris/final_ws/src/sentry_chassis_controller/src/sentry_control_key.cpp:269:66:[m[K [01;31m[Kerror: [m[Kâ€˜[01m[Ktranslation_angle[m[Kâ€™ was not declared in this scope
  269 |                 cur_lin_world = translation_magnitude * std::cos([01;31m[Ktranslation_angle[m[K);
      |                                                                  [01;31m[K^~~~~~~~~~~~~~~~~[m[K
[01m[K/home/idris/final_ws/src/sentry_chassis_controller/src/sentry_control_key.cpp:271:17:[m[K [01;31m[Kerror: [m[Kâ€˜[01m[Ktranslation_active[m[Kâ€™ was not declared in this scope
  271 |                 [01;31m[Ktranslation_active[m[K = false;
      |                 [01;31m[K^~~~~~~~~~~~~~~~~~[m[K
make[2]: *** [CMakeFiles/sentry_control_key.dir/build.make:63ï¼šCMakeFiles/sentry_control_key.dir/src/sentry_control_key.cpp.o] é”™è¯¯ 1
make[1]: *** [CMakeFiles/Makefile2:412ï¼šCMakeFiles/sentry_control_key.dir/all] é”™è¯¯ 2
make[1]: *** æ­£åœ¨ç­‰å¾…æœªå®Œæˆçš„ä»»åŠ¡....
[ 93%] [32m[1mLinking CXX executable /home/idris/final_ws/devel/.private/sentry_chassis_controller/lib/sentry_chassis_controller/sentry_control_key_optimized[0m
[ 93%] Built target sentry_control_key_optimized
make: *** [Makefile:141ï¼šall] é”™è¯¯ 2
